  [1m[35m (398.4ms)[0m  [1m[35mCREATE DATABASE "th-gossip-project_development" ENCODING = 'unicode'[0m
  ↳ bin/rails:9
  [1m[35m (324.5ms)[0m  [1m[35mCREATE DATABASE "th-gossip-project_test" ENCODING = 'unicode'[0m
  ↳ bin/rails:9
Started GET "/" for ::1 at 2019-10-28 14:12:00 +0100
Processing by StaticController#index as HTML
  Rendering static/index.html.erb within layouts/application
  Rendered static/index.html.erb within layouts/application (1.2ms)
Completed 200 OK in 350ms (Views: 344.3ms | ActiveRecord: 0.0ms)


Started GET "/" for ::1 at 2019-10-28 14:12:04 +0100
Processing by StaticController#index as HTML
  Rendering static/index.html.erb within layouts/application
  Rendered static/index.html.erb within layouts/application (0.4ms)
Completed 200 OK in 23ms (Views: 19.1ms | ActiveRecord: 0.0ms)


Started GET "/team" for ::1 at 2019-10-28 14:12:06 +0100
Processing by StaticController#team as HTML
  Rendering static/team.html.erb within layouts/application
  Rendered static/team.html.erb within layouts/application (0.4ms)
Completed 200 OK in 22ms (Views: 18.2ms | ActiveRecord: 0.0ms)


Started GET "/team" for ::1 at 2019-10-28 14:12:10 +0100
Processing by StaticController#team as HTML
  Rendering static/team.html.erb within layouts/application
  Rendered static/team.html.erb within layouts/application (0.3ms)
Completed 200 OK in 19ms (Views: 17.4ms | ActiveRecord: 0.0ms)


Started GET "/" for ::1 at 2019-10-28 14:12:11 +0100
Processing by StaticController#index as HTML
  Rendering static/index.html.erb within layouts/application
  Rendered static/index.html.erb within layouts/application (0.3ms)
Completed 200 OK in 16ms (Views: 14.5ms | ActiveRecord: 0.0ms)


Started GET "/new_gossi" for ::1 at 2019-10-28 14:12:13 +0100
  
ActionController::RoutingError (No route matches [GET] "/new_gossi"):
  
actionpack (5.2.3) lib/action_dispatch/middleware/debug_exceptions.rb:65:in `call'
web-console (3.7.0) lib/web_console/middleware.rb:135:in `call_app'
web-console (3.7.0) lib/web_console/middleware.rb:30:in `block in call'
web-console (3.7.0) lib/web_console/middleware.rb:20:in `catch'
web-console (3.7.0) lib/web_console/middleware.rb:20:in `call'
actionpack (5.2.3) lib/action_dispatch/middleware/show_exceptions.rb:33:in `call'
railties (5.2.3) lib/rails/rack/logger.rb:38:in `call_app'
railties (5.2.3) lib/rails/rack/logger.rb:26:in `block in call'
activesupport (5.2.3) lib/active_support/tagged_logging.rb:71:in `block in tagged'
activesupport (5.2.3) lib/active_support/tagged_logging.rb:28:in `tagged'
activesupport (5.2.3) lib/active_support/tagged_logging.rb:71:in `tagged'
railties (5.2.3) lib/rails/rack/logger.rb:26:in `call'
sprockets-rails (3.2.1) lib/sprockets/rails/quiet_assets.rb:13:in `call'
actionpack (5.2.3) lib/action_dispatch/middleware/remote_ip.rb:81:in `call'
actionpack (5.2.3) lib/action_dispatch/middleware/request_id.rb:27:in `call'
rack (2.0.7) lib/rack/method_override.rb:22:in `call'
rack (2.0.7) lib/rack/runtime.rb:22:in `call'
activesupport (5.2.3) lib/active_support/cache/strategy/local_cache_middleware.rb:29:in `call'
actionpack (5.2.3) lib/action_dispatch/middleware/executor.rb:14:in `call'
actionpack (5.2.3) lib/action_dispatch/middleware/static.rb:127:in `call'
rack (2.0.7) lib/rack/sendfile.rb:111:in `call'
railties (5.2.3) lib/rails/engine.rb:524:in `call'
puma (3.12.1) lib/puma/configuration.rb:227:in `call'
puma (3.12.1) lib/puma/server.rb:660:in `handle_request'
puma (3.12.1) lib/puma/server.rb:474:in `process_client'
puma (3.12.1) lib/puma/server.rb:334:in `block in run'
puma (3.12.1) lib/puma/thread_pool.rb:135:in `block in spawn_thread'
Started GET "/new_gossip" for ::1 at 2019-10-28 14:12:17 +0100
Processing by StaticController#new_gossip as HTML
  Rendering static/new_gossip.html.erb within layouts/application
  Rendered static/new_gossip.html.erb within layouts/application (1.1ms)
Completed 200 OK in 29ms (Views: 23.7ms | ActiveRecord: 0.0ms)


Started GET "/new_" for ::1 at 2019-10-28 14:20:08 +0100
  
ActionController::RoutingError (No route matches [GET] "/new_"):
  
actionpack (5.2.3) lib/action_dispatch/middleware/debug_exceptions.rb:65:in `call'
web-console (3.7.0) lib/web_console/middleware.rb:135:in `call_app'
web-console (3.7.0) lib/web_console/middleware.rb:30:in `block in call'
web-console (3.7.0) lib/web_console/middleware.rb:20:in `catch'
web-console (3.7.0) lib/web_console/middleware.rb:20:in `call'
actionpack (5.2.3) lib/action_dispatch/middleware/show_exceptions.rb:33:in `call'
railties (5.2.3) lib/rails/rack/logger.rb:38:in `call_app'
railties (5.2.3) lib/rails/rack/logger.rb:26:in `block in call'
activesupport (5.2.3) lib/active_support/tagged_logging.rb:71:in `block in tagged'
activesupport (5.2.3) lib/active_support/tagged_logging.rb:28:in `tagged'
activesupport (5.2.3) lib/active_support/tagged_logging.rb:71:in `tagged'
railties (5.2.3) lib/rails/rack/logger.rb:26:in `call'
sprockets-rails (3.2.1) lib/sprockets/rails/quiet_assets.rb:13:in `call'
actionpack (5.2.3) lib/action_dispatch/middleware/remote_ip.rb:81:in `call'
actionpack (5.2.3) lib/action_dispatch/middleware/request_id.rb:27:in `call'
rack (2.0.7) lib/rack/method_override.rb:22:in `call'
rack (2.0.7) lib/rack/runtime.rb:22:in `call'
activesupport (5.2.3) lib/active_support/cache/strategy/local_cache_middleware.rb:29:in `call'
actionpack (5.2.3) lib/action_dispatch/middleware/executor.rb:14:in `call'
actionpack (5.2.3) lib/action_dispatch/middleware/static.rb:127:in `call'
rack (2.0.7) lib/rack/sendfile.rb:111:in `call'
railties (5.2.3) lib/rails/engine.rb:524:in `call'
puma (3.12.1) lib/puma/configuration.rb:227:in `call'
puma (3.12.1) lib/puma/server.rb:660:in `handle_request'
puma (3.12.1) lib/puma/server.rb:474:in `process_client'
puma (3.12.1) lib/puma/server.rb:334:in `block in run'
puma (3.12.1) lib/puma/thread_pool.rb:135:in `block in spawn_thread'
Started GET "/new_" for ::1 at 2019-10-28 14:20:18 +0100
  
ActionController::RoutingError (No route matches [GET] "/new_"):
  
actionpack (5.2.3) lib/action_dispatch/middleware/debug_exceptions.rb:65:in `call'
web-console (3.7.0) lib/web_console/middleware.rb:135:in `call_app'
web-console (3.7.0) lib/web_console/middleware.rb:30:in `block in call'
web-console (3.7.0) lib/web_console/middleware.rb:20:in `catch'
web-console (3.7.0) lib/web_console/middleware.rb:20:in `call'
actionpack (5.2.3) lib/action_dispatch/middleware/show_exceptions.rb:33:in `call'
railties (5.2.3) lib/rails/rack/logger.rb:38:in `call_app'
railties (5.2.3) lib/rails/rack/logger.rb:26:in `block in call'
activesupport (5.2.3) lib/active_support/tagged_logging.rb:71:in `block in tagged'
activesupport (5.2.3) lib/active_support/tagged_logging.rb:28:in `tagged'
activesupport (5.2.3) lib/active_support/tagged_logging.rb:71:in `tagged'
railties (5.2.3) lib/rails/rack/logger.rb:26:in `call'
sprockets-rails (3.2.1) lib/sprockets/rails/quiet_assets.rb:13:in `call'
actionpack (5.2.3) lib/action_dispatch/middleware/remote_ip.rb:81:in `call'
actionpack (5.2.3) lib/action_dispatch/middleware/request_id.rb:27:in `call'
rack (2.0.7) lib/rack/method_override.rb:22:in `call'
rack (2.0.7) lib/rack/runtime.rb:22:in `call'
activesupport (5.2.3) lib/active_support/cache/strategy/local_cache_middleware.rb:29:in `call'
actionpack (5.2.3) lib/action_dispatch/middleware/executor.rb:14:in `call'
actionpack (5.2.3) lib/action_dispatch/middleware/static.rb:127:in `call'
rack (2.0.7) lib/rack/sendfile.rb:111:in `call'
railties (5.2.3) lib/rails/engine.rb:524:in `call'
puma (3.12.1) lib/puma/configuration.rb:227:in `call'
puma (3.12.1) lib/puma/server.rb:660:in `handle_request'
puma (3.12.1) lib/puma/server.rb:474:in `process_client'
puma (3.12.1) lib/puma/server.rb:334:in `block in run'
puma (3.12.1) lib/puma/thread_pool.rb:135:in `block in spawn_thread'
Started GET "/" for ::1 at 2019-10-28 14:20:19 +0100
Processing by StaticController#index as HTML
  Rendering static/index.html.erb within layouts/application
  Rendered static/index.html.erb within layouts/application (0.3ms)
Completed 200 OK in 172ms (Views: 169.4ms | ActiveRecord: 0.0ms)


Started GET "/" for ::1 at 2019-10-28 14:20:20 +0100
Processing by StaticController#index as HTML
  Rendering static/index.html.erb within layouts/application
  Rendered static/index.html.erb within layouts/application (0.3ms)
Completed 200 OK in 19ms (Views: 14.9ms | ActiveRecord: 0.0ms)


Started GET "/team" for ::1 at 2019-10-28 14:20:21 +0100
Processing by StaticController#team as HTML
  Rendering static/team.html.erb within layouts/application
  Rendered static/team.html.erb within layouts/application (0.3ms)
Completed 200 OK in 20ms (Views: 15.6ms | ActiveRecord: 0.0ms)


Started GET "/team" for ::1 at 2019-10-28 14:20:21 +0100
Processing by StaticController#team as HTML
  Rendering static/team.html.erb within layouts/application
  Rendered static/team.html.erb within layouts/application (0.3ms)
Completed 200 OK in 16ms (Views: 14.3ms | ActiveRecord: 0.0ms)


Started GET "/team" for ::1 at 2019-10-28 14:20:22 +0100
Processing by StaticController#team as HTML
  Rendering static/team.html.erb within layouts/application
  Rendered static/team.html.erb within layouts/application (0.3ms)
Completed 200 OK in 19ms (Views: 15.0ms | ActiveRecord: 0.0ms)


Started GET "/team" for ::1 at 2019-10-28 14:21:30 +0100
Processing by StaticController#team as HTML
  Rendering static/team.html.erb within layouts/application
  Rendered static/team.html.erb within layouts/application (0.7ms)
Completed 200 OK in 25ms (Views: 22.4ms | ActiveRecord: 0.0ms)


Started GET "/team" for ::1 at 2019-10-28 14:21:51 +0100
Processing by StaticController#team as HTML
  Rendering static/team.html.erb within layouts/application
  Rendered static/team.html.erb within layouts/application (0.3ms)
Completed 200 OK in 25ms (Views: 20.6ms | ActiveRecord: 0.0ms)


Started GET "/team" for ::1 at 2019-10-28 14:22:00 +0100
Processing by StaticController#team as HTML
  Rendering static/team.html.erb within layouts/application
  Rendered static/team.html.erb within layouts/application (0.6ms)
Completed 200 OK in 24ms (Views: 19.5ms | ActiveRecord: 0.0ms)


Started GET "/team" for ::1 at 2019-10-28 14:24:01 +0100
Processing by StaticController#team as HTML
  Rendering static/team.html.erb within layouts/application
  Rendered static/team.html.erb within layouts/application (1.2ms)
Completed 200 OK in 23ms (Views: 20.7ms | ActiveRecord: 0.0ms)


Started GET "/team" for ::1 at 2019-10-28 14:24:04 +0100
Processing by StaticController#team as HTML
  Rendering static/team.html.erb within layouts/application
  Rendered static/team.html.erb within layouts/application (0.3ms)
Completed 200 OK in 20ms (Views: 15.4ms | ActiveRecord: 0.0ms)


Started GET "/" for ::1 at 2019-10-28 14:24:05 +0100
Processing by StaticController#index as HTML
  Rendering static/index.html.erb within layouts/application
  Rendered static/index.html.erb within layouts/application (0.3ms)
Completed 200 OK in 16ms (Views: 14.4ms | ActiveRecord: 0.0ms)


Started GET "/contact" for ::1 at 2019-10-28 14:24:06 +0100
Processing by StaticController#contact as HTML
  Rendering static/contact.html.erb within layouts/application
  Rendered static/contact.html.erb within layouts/application (0.5ms)
Completed 200 OK in 20ms (Views: 17.2ms | ActiveRecord: 0.0ms)


Started GET "/contact" for ::1 at 2019-10-28 14:30:31 +0100
Processing by StaticController#contact as HTML
  Rendering static/contact.html.erb within layouts/application
  Rendered static/contact.html.erb within layouts/application (0.3ms)
Completed 200 OK in 18ms (Views: 15.7ms | ActiveRecord: 0.0ms)


Started GET "/" for ::1 at 2019-10-28 14:30:31 +0100
Processing by StaticController#index as HTML
  Rendering static/index.html.erb within layouts/application
  Rendered static/index.html.erb within layouts/application (0.3ms)
Completed 200 OK in 27ms (Views: 25.0ms | ActiveRecord: 0.0ms)


Started GET "/" for ::1 at 2019-10-28 14:30:32 +0100
Processing by StaticController#index as HTML
  Rendering static/index.html.erb within layouts/application
  Rendered static/index.html.erb within layouts/application (0.3ms)
Completed 200 OK in 25ms (Views: 19.1ms | ActiveRecord: 0.0ms)


Started GET "/" for ::1 at 2019-10-28 14:30:57 +0100
Processing by StaticController#index as HTML
  Rendering static/index.html.erb within layouts/application
  Rendered static/index.html.erb within layouts/application (0.3ms)
Completed 200 OK in 26ms (Views: 21.7ms | ActiveRecord: 0.0ms)


Started GET "/" for ::1 at 2019-10-28 14:32:13 +0100
Processing by StaticController#index as HTML
  Rendering static/index.html.erb within layouts/application
  Rendered static/index.html.erb within layouts/application (1.7ms)
Completed 200 OK in 25ms (Views: 21.9ms | ActiveRecord: 0.0ms)


Started GET "/" for ::1 at 2019-10-28 14:32:22 +0100
Processing by StaticController#index as HTML
  Rendering static/index.html.erb within layouts/application
  Rendered static/index.html.erb within layouts/application (0.3ms)
Completed 200 OK in 23ms (Views: 18.4ms | ActiveRecord: 0.0ms)


Started GET "/" for ::1 at 2019-10-28 14:32:53 +0100
Processing by StaticController#index as HTML
  Rendering static/index.html.erb within layouts/application
  Rendered static/index.html.erb within layouts/application (0.3ms)
Completed 200 OK in 25ms (Views: 21.7ms | ActiveRecord: 0.0ms)


Started GET "/" for ::1 at 2019-10-28 14:33:27 +0100
Processing by StaticController#index as HTML
  Rendering static/index.html.erb within layouts/application
  Rendered static/index.html.erb within layouts/application (0.3ms)
Completed 200 OK in 25ms (Views: 22.6ms | ActiveRecord: 0.0ms)


Started GET "/" for ::1 at 2019-10-28 14:33:37 +0100
Processing by StaticController#index as HTML
  Rendering static/index.html.erb within layouts/application
  Rendered static/index.html.erb within layouts/application (0.3ms)
Completed 200 OK in 23ms (Views: 20.4ms | ActiveRecord: 0.0ms)


Started GET "/" for ::1 at 2019-10-28 14:33:41 +0100
Processing by StaticController#index as HTML
  Rendering static/index.html.erb within layouts/application
  Rendered static/index.html.erb within layouts/application (0.4ms)
Completed 200 OK in 22ms (Views: 17.7ms | ActiveRecord: 0.0ms)


Started GET "/" for ::1 at 2019-10-28 14:33:42 +0100
Processing by StaticController#index as HTML
  Rendering static/index.html.erb within layouts/application
  Rendered static/index.html.erb within layouts/application (0.3ms)
Completed 200 OK in 28ms (Views: 22.2ms | ActiveRecord: 0.0ms)


Started GET "/" for ::1 at 2019-10-28 14:33:54 +0100
Processing by StaticController#index as HTML
Started GET "/" for ::1 at 2019-10-28 14:33:54 +0100
  Rendering static/index.html.erb within layouts/application
  Rendered static/index.html.erb within layouts/application (0.3ms)
Processing by StaticController#index as HTML
  Rendering static/index.html.erb within layouts/application
  Rendered static/index.html.erb within layouts/application (0.5ms)
Completed 200 OK in 37ms (Views: 34.1ms | ActiveRecord: 0.0ms)


Completed 200 OK in 33ms (Views: 31.1ms | ActiveRecord: 0.0ms)


Started GET "/" for ::1 at 2019-10-28 14:34:15 +0100
Processing by StaticController#index as HTML
  Rendering static/index.html.erb within layouts/application
  Rendered static/index.html.erb within layouts/application (0.4ms)
Completed 200 OK in 31ms (Views: 27.8ms | ActiveRecord: 0.0ms)


Started GET "/" for ::1 at 2019-10-28 14:34:16 +0100
Processing by StaticController#index as HTML
  Rendering static/index.html.erb within layouts/application
  Rendered static/index.html.erb within layouts/application (0.3ms)
Completed 200 OK in 20ms (Views: 16.1ms | ActiveRecord: 0.0ms)


Started GET "/" for ::1 at 2019-10-28 14:35:10 +0100
Processing by StaticController#index as HTML
  Rendering static/index.html.erb within layouts/application
  Rendered static/index.html.erb within layouts/application (0.7ms)
Completed 200 OK in 26ms (Views: 21.2ms | ActiveRecord: 0.0ms)


Started GET "/" for ::1 at 2019-10-28 14:35:44 +0100
Processing by StaticController#index as HTML
  Rendering static/index.html.erb within layouts/application
  Rendered static/index.html.erb within layouts/application (0.3ms)
Completed 200 OK in 26ms (Views: 22.6ms | ActiveRecord: 0.0ms)


Started GET "/" for ::1 at 2019-10-28 14:51:29 +0100
Processing by StaticController#index as HTML
  Rendering static/index.html.erb within layouts/application
  Rendered static/index.html.erb within layouts/application (0.3ms)
Completed 200 OK in 18ms (Views: 16.0ms | ActiveRecord: 0.0ms)


Started GET "/team" for ::1 at 2019-10-28 14:51:30 +0100
Processing by StaticController#team as HTML
  Rendering static/team.html.erb within layouts/application
  Rendered static/team.html.erb within layouts/application (0.3ms)
Completed 200 OK in 29ms (Views: 20.0ms | ActiveRecord: 0.0ms)


Started GET "/team" for ::1 at 2019-10-28 14:51:44 +0100
Processing by StaticController#team as HTML
  Rendering static/team.html.erb within layouts/application
  Rendered static/team.html.erb within layouts/application (0.6ms)
Completed 200 OK in 21ms (Views: 18.9ms | ActiveRecord: 0.0ms)


Started GET "/team" for ::1 at 2019-10-28 14:52:08 +0100
Processing by StaticController#team as HTML
  Rendering static/team.html.erb within layouts/application
  Rendered static/team.html.erb within layouts/application (0.3ms)
Completed 200 OK in 29ms (Views: 23.7ms | ActiveRecord: 0.0ms)


Started GET "/team" for ::1 at 2019-10-28 14:53:09 +0100
Processing by StaticController#team as HTML
  Rendering static/team.html.erb within layouts/application
  Rendered static/team.html.erb within layouts/application (0.4ms)
Completed 200 OK in 22ms (Views: 18.3ms | ActiveRecord: 0.0ms)


Started GET "/team" for ::1 at 2019-10-28 14:53:11 +0100
Processing by StaticController#team as HTML
  Rendering static/team.html.erb within layouts/application
  Rendered static/team.html.erb within layouts/application (0.3ms)
Completed 200 OK in 22ms (Views: 17.3ms | ActiveRecord: 0.0ms)


Started GET "/" for ::1 at 2019-10-28 14:53:11 +0100
Processing by StaticController#index as HTML
Started GET "/" for ::1 at 2019-10-28 14:53:11 +0100
  Rendering static/index.html.erb within layouts/application
  Rendered static/index.html.erb within layouts/application (0.4ms)
Processing by StaticController#index as HTML
  Rendering static/index.html.erb within layouts/application
  Rendered static/index.html.erb within layouts/application (0.1ms)
Completed 200 OK in 45ms (Views: 42.5ms | ActiveRecord: 0.0ms)


Completed 200 OK in 65ms (Views: 63.0ms | ActiveRecord: 0.0ms)


Started GET "/" for ::1 at 2019-10-28 14:53:19 +0100
Processing by StaticController#index as HTML
  Rendering static/index.html.erb within layouts/application
  Rendered static/index.html.erb within layouts/application (0.3ms)
Completed 200 OK in 24ms (Views: 20.7ms | ActiveRecord: 0.0ms)


Started GET "/" for ::1 at 2019-10-28 14:53:20 +0100
Processing by StaticController#index as HTML
  Rendering static/index.html.erb within layouts/application
  Rendered static/index.html.erb within layouts/application (0.5ms)
Completed 200 OK in 17ms (Views: 15.4ms | ActiveRecord: 0.0ms)


Started GET "/" for ::1 at 2019-10-28 14:53:20 +0100
Processing by StaticController#index as HTML
  Rendering static/index.html.erb within layouts/application
  Rendered static/index.html.erb within layouts/application (0.4ms)
Completed 200 OK in 23ms (Views: 21.3ms | ActiveRecord: 0.0ms)


Started GET "/" for ::1 at 2019-10-28 14:53:21 +0100
Processing by StaticController#index as HTML
  Rendering static/index.html.erb within layouts/application
  Rendered static/index.html.erb within layouts/application (0.3ms)
Completed 200 OK in 27ms (Views: 24.9ms | ActiveRecord: 0.0ms)


Started GET "/" for ::1 at 2019-10-28 14:53:23 +0100
Processing by StaticController#index as HTML
  Rendering static/index.html.erb within layouts/application
  Rendered static/index.html.erb within layouts/application (0.4ms)
Completed 200 OK in 28ms (Views: 23.9ms | ActiveRecord: 0.0ms)


Started GET "/" for ::1 at 2019-10-28 14:53:23 +0100
Processing by StaticController#index as HTML
  Rendering static/index.html.erb within layouts/application
  Rendered static/index.html.erb within layouts/application (0.3ms)
Completed 200 OK in 32ms (Views: 29.6ms | ActiveRecord: 0.0ms)


Started GET "/" for ::1 at 2019-10-28 14:53:23 +0100
Processing by StaticController#index as HTML
  Rendering static/index.html.erb within layouts/application
  Rendered static/index.html.erb within layouts/application (0.5ms)
Completed 200 OK in 27ms (Views: 24.2ms | ActiveRecord: 0.0ms)


Started GET "/" for ::1 at 2019-10-28 14:53:23 +0100
Processing by StaticController#index as HTML
  Rendering static/index.html.erb within layouts/application
  Rendered static/index.html.erb within layouts/application (0.3ms)
Completed 200 OK in 26ms (Views: 24.6ms | ActiveRecord: 0.0ms)


Started GET "/" for ::1 at 2019-10-28 14:53:24 +0100
Processing by StaticController#index as HTML
  Rendering static/index.html.erb within layouts/application
  Rendered static/index.html.erb within layouts/application (4.5ms)
Completed 200 OK in 31ms (Views: 28.7ms | ActiveRecord: 0.0ms)


Started GET "/" for ::1 at 2019-10-28 14:53:39 +0100
Processing by StaticController#index as HTML
Started GET "/" for ::1 at 2019-10-28 14:53:39 +0100
  Rendering static/index.html.erb within layouts/application
  Rendered static/index.html.erb within layouts/application (0.3ms)
Processing by StaticController#index as HTML
  Rendering static/index.html.erb within layouts/application
  Rendered static/index.html.erb within layouts/application (0.3ms)
Completed 200 OK in 43ms (Views: 39.8ms | ActiveRecord: 0.0ms)


Completed 200 OK in 37ms (Views: 34.4ms | ActiveRecord: 0.0ms)


Started GET "/" for ::1 at 2019-10-28 14:53:45 +0100
Started GET "/" for ::1 at 2019-10-28 14:53:45 +0100
Processing by StaticController#index as HTML
Processing by StaticController#index as HTML
  Rendering static/index.html.erb within layouts/application
  Rendered static/index.html.erb within layouts/application (0.4ms)
  Rendering static/index.html.erb within layouts/application
  Rendered static/index.html.erb within layouts/application (0.1ms)
Completed 200 OK in 47ms (Views: 41.9ms | ActiveRecord: 0.0ms)


Completed 200 OK in 49ms (Views: 46.0ms | ActiveRecord: 0.0ms)


Started GET "/" for ::1 at 2019-10-28 14:53:49 +0100
Started GET "/" for ::1 at 2019-10-28 14:53:49 +0100
Processing by StaticController#index as HTML
Processing by StaticController#index as HTML
  Rendering static/index.html.erb within layouts/application
  Rendered static/index.html.erb within layouts/application (0.3ms)
  Rendering static/index.html.erb within layouts/application
  Rendered static/index.html.erb within layouts/application (0.0ms)
Completed 200 OK in 37ms (Views: 31.8ms | ActiveRecord: 0.0ms)


Completed 200 OK in 46ms (Views: 43.3ms | ActiveRecord: 0.0ms)


Started GET "/team" for ::1 at 2019-10-28 14:54:06 +0100
Processing by StaticController#team as HTML
  Rendering static/team.html.erb within layouts/application
  Rendered static/team.html.erb within layouts/application (0.3ms)
Completed 200 OK in 24ms (Views: 19.8ms | ActiveRecord: 0.0ms)


Started GET "/" for ::1 at 2019-10-28 14:54:31 +0100
Started GET "/" for ::1 at 2019-10-28 14:54:31 +0100
Processing by StaticController#index as HTML
Processing by StaticController#index as HTML
  Rendering static/index.html.erb within layouts/application
  Rendered static/index.html.erb within layouts/application (0.3ms)
  Rendering static/index.html.erb within layouts/application
  Rendered static/index.html.erb within layouts/application (0.0ms)
Completed 200 OK in 38ms (Views: 35.0ms | ActiveRecord: 0.0ms)


Completed 200 OK in 42ms (Views: 37.1ms | ActiveRecord: 0.0ms)


Started GET "/" for ::1 at 2019-10-28 14:54:33 +0100
Processing by StaticController#index as HTML
  Rendering static/index.html.erb within layouts/application
  Rendered static/index.html.erb within layouts/application (0.4ms)
Completed 200 OK in 32ms (Views: 23.6ms | ActiveRecord: 0.0ms)


Started GET "/" for ::1 at 2019-10-28 14:54:34 +0100
Processing by StaticController#index as HTML
  Rendering static/index.html.erb within layouts/application
  Rendered static/index.html.erb within layouts/application (0.3ms)
Completed 200 OK in 26ms (Views: 21.2ms | ActiveRecord: 0.0ms)


Started GET "/team" for ::1 at 2019-10-28 14:54:35 +0100
Processing by StaticController#team as HTML
  Rendering static/team.html.erb within layouts/application
  Rendered static/team.html.erb within layouts/application (0.4ms)
Completed 200 OK in 25ms (Views: 18.2ms | ActiveRecord: 0.0ms)


Started GET "/contact" for ::1 at 2019-10-28 14:54:36 +0100
Processing by StaticController#contact as HTML
  Rendering static/contact.html.erb within layouts/application
  Rendered static/contact.html.erb within layouts/application (0.3ms)
Completed 200 OK in 26ms (Views: 16.5ms | ActiveRecord: 0.0ms)


Started GET "/" for ::1 at 2019-10-28 14:54:38 +0100
Processing by StaticController#index as HTML
  Rendering static/index.html.erb within layouts/application
  Rendered static/index.html.erb within layouts/application (0.3ms)
Completed 200 OK in 33ms (Views: 27.3ms | ActiveRecord: 0.0ms)


Started GET "/team" for ::1 at 2019-10-28 14:54:38 +0100
Processing by StaticController#team as HTML
  Rendering static/team.html.erb within layouts/application
  Rendered static/team.html.erb within layouts/application (0.3ms)
Completed 200 OK in 37ms (Views: 32.5ms | ActiveRecord: 0.0ms)


Started GET "/contact" for ::1 at 2019-10-28 14:54:39 +0100
Processing by StaticController#contact as HTML
  Rendering static/contact.html.erb within layouts/application
  Rendered static/contact.html.erb within layouts/application (0.8ms)
Completed 200 OK in 34ms (Views: 30.6ms | ActiveRecord: 0.0ms)


Started GET "/" for ::1 at 2019-10-28 14:54:40 +0100
Processing by StaticController#index as HTML
  Rendering static/index.html.erb within layouts/application
  Rendered static/index.html.erb within layouts/application (0.3ms)
Completed 200 OK in 38ms (Views: 31.0ms | ActiveRecord: 0.0ms)


Started GET "/" for ::1 at 2019-10-28 14:54:40 +0100
Processing by StaticController#index as HTML
  Rendering static/index.html.erb within layouts/application
  Rendered static/index.html.erb within layouts/application (0.4ms)
Completed 200 OK in 36ms (Views: 19.3ms | ActiveRecord: 0.0ms)


Started GET "/" for ::1 at 2019-10-28 15:01:17 +0100
Started GET "/" for ::1 at 2019-10-28 15:01:17 +0100
Processing by StaticController#index as HTML
Processing by StaticController#index as HTML
  Rendering static/index.html.erb within layouts/application
  Rendered static/index.html.erb within layouts/application (0.3ms)
  Rendering static/index.html.erb within layouts/application
  Rendered static/index.html.erb within layouts/application (0.0ms)
Completed 200 OK in 36ms (Views: 30.0ms | ActiveRecord: 0.0ms)


Completed 200 OK in 40ms (Views: 34.8ms | ActiveRecord: 0.0ms)


Started GET "/" for ::1 at 2019-10-28 15:01:19 +0100
Started GET "/" for ::1 at 2019-10-28 15:01:19 +0100
Processing by StaticController#index as HTML
Processing by StaticController#index as HTML
  Rendering static/index.html.erb within layouts/application
  Rendered static/index.html.erb within layouts/application (0.3ms)
  Rendering static/index.html.erb within layouts/application
  Rendered static/index.html.erb within layouts/application (0.0ms)
Completed 200 OK in 38ms (Views: 36.5ms | ActiveRecord: 0.0ms)


Completed 200 OK in 41ms (Views: 37.2ms | ActiveRecord: 0.0ms)


Started GET "/" for ::1 at 2019-10-28 15:01:19 +0100
Started GET "/" for ::1 at 2019-10-28 15:01:19 +0100
Processing by StaticController#index as HTML
  Rendering static/index.html.erb within layouts/application
Processing by StaticController#index as HTML
  Rendered static/index.html.erb within layouts/application (0.5ms)
  Rendering static/index.html.erb within layouts/application
  Rendered static/index.html.erb within layouts/application (0.0ms)
Completed 200 OK in 37ms (Views: 34.8ms | ActiveRecord: 0.0ms)


Completed 200 OK in 40ms (Views: 37.6ms | ActiveRecord: 0.0ms)


Started GET "/" for ::1 at 2019-10-28 15:01:19 +0100
Started GET "/" for ::1 at 2019-10-28 15:01:19 +0100
Processing by StaticController#index as HTML
Processing by StaticController#index as HTML
  Rendering static/index.html.erb within layouts/application
  Rendered static/index.html.erb within layouts/application (0.3ms)
  Rendering static/index.html.erb within layouts/application
  Rendered static/index.html.erb within layouts/application (0.0ms)
Completed 200 OK in 42ms (Views: 40.8ms | ActiveRecord: 0.0ms)


Completed 200 OK in 43ms (Views: 40.8ms | ActiveRecord: 0.0ms)


Started GET "/" for ::1 at 2019-10-28 15:04:04 +0100
Started GET "/" for ::1 at 2019-10-28 15:04:04 +0100
Processing by StaticController#index as HTML
Processing by StaticController#index as HTML
  Rendering static/index.html.erb within layouts/application
  Rendered static/index.html.erb within layouts/application (0.3ms)
  Rendering static/index.html.erb within layouts/application
  Rendered static/index.html.erb within layouts/application (0.0ms)
Completed 200 OK in 39ms (Views: 36.0ms | ActiveRecord: 0.0ms)


Completed 200 OK in 42ms (Views: 40.1ms | ActiveRecord: 0.0ms)


Started GET "/" for ::1 at 2019-10-28 15:06:11 +0100
Processing by StaticController#index as HTML
  Rendering static/index.html.erb within layouts/application
  Rendered static/index.html.erb within layouts/application (0.5ms)
Completed 200 OK in 28ms (Views: 18.4ms | ActiveRecord: 0.0ms)


Started GET "/" for ::1 at 2019-10-28 15:06:18 +0100
Processing by StaticController#index as HTML
  Rendering static/index.html.erb within layouts/application
  Rendered static/index.html.erb within layouts/application (0.7ms)
Completed 200 OK in 29ms (Views: 25.9ms | ActiveRecord: 0.0ms)


Started GET "/" for ::1 at 2019-10-28 15:06:40 +0100
Processing by StaticController#index as HTML
  Rendering static/index.html.erb within layouts/application
  Rendered static/index.html.erb within layouts/application (1.6ms)
Completed 200 OK in 26ms (Views: 24.0ms | ActiveRecord: 0.0ms)


Started GET "/" for ::1 at 2019-10-28 15:06:46 +0100
Processing by StaticController#index as HTML
  Rendering static/index.html.erb within layouts/application
  Rendered static/index.html.erb within layouts/application (0.3ms)
Completed 200 OK in 24ms (Views: 22.0ms | ActiveRecord: 0.0ms)


Started GET "/" for ::1 at 2019-10-28 15:07:46 +0100
Processing by StaticController#index as HTML
  Rendering static/index.html.erb within layouts/application
  Rendered static/index.html.erb within layouts/application (0.5ms)
Completed 200 OK in 32ms (Views: 28.1ms | ActiveRecord: 0.0ms)


Started GET "/team" for ::1 at 2019-10-28 15:07:47 +0100
Processing by StaticController#team as HTML
  Rendering static/team.html.erb within layouts/application
  Rendered static/team.html.erb within layouts/application (0.4ms)
Completed 200 OK in 19ms (Views: 17.8ms | ActiveRecord: 0.0ms)


Started GET "/team" for ::1 at 2019-10-28 15:07:47 +0100
Processing by StaticController#team as HTML
  Rendering static/team.html.erb within layouts/application
  Rendered static/team.html.erb within layouts/application (0.4ms)
Completed 200 OK in 22ms (Views: 20.6ms | ActiveRecord: 0.0ms)


Started GET "/team" for ::1 at 2019-10-28 15:07:51 +0100
Processing by StaticController#team as HTML
  Rendering static/team.html.erb within layouts/application
  Rendered static/team.html.erb within layouts/application (0.3ms)
Completed 200 OK in 20ms (Views: 17.5ms | ActiveRecord: 0.0ms)


Started GET "/" for ::1 at 2019-10-28 15:07:52 +0100
Processing by StaticController#index as HTML
  Rendering static/index.html.erb within layouts/application
  Rendered static/index.html.erb within layouts/application (0.3ms)
Completed 200 OK in 22ms (Views: 20.5ms | ActiveRecord: 0.0ms)


Started GET "/" for ::1 at 2019-10-28 15:07:52 +0100
Processing by StaticController#index as HTML
  Rendering static/index.html.erb within layouts/application
  Rendered static/index.html.erb within layouts/application (0.4ms)
Completed 200 OK in 22ms (Views: 20.2ms | ActiveRecord: 0.0ms)


Started GET "/" for ::1 at 2019-10-28 15:08:00 +0100
Processing by StaticController#index as HTML
  Rendering static/index.html.erb within layouts/application
  Rendered static/index.html.erb within layouts/application (0.5ms)
Completed 200 OK in 37ms (Views: 33.6ms | ActiveRecord: 0.0ms)


Started GET "/" for ::1 at 2019-10-28 15:08:15 +0100
Processing by StaticController#index as HTML
  Rendering static/index.html.erb within layouts/application
  Rendered static/index.html.erb within layouts/application (3.7ms)
Completed 200 OK in 28ms (Views: 24.8ms | ActiveRecord: 0.0ms)


Started GET "/" for ::1 at 2019-10-28 15:08:25 +0100
Processing by StaticController#index as HTML
  Rendering static/index.html.erb within layouts/application
  Rendered static/index.html.erb within layouts/application (0.6ms)
Completed 200 OK in 24ms (Views: 21.5ms | ActiveRecord: 0.0ms)


Started GET "/" for ::1 at 2019-10-28 15:08:53 +0100
Processing by StaticController#index as HTML
  Rendering static/index.html.erb within layouts/application
  Rendered static/index.html.erb within layouts/application (2.8ms)
Completed 200 OK in 208ms (Views: 202.5ms | ActiveRecord: 0.0ms)


Started GET "/" for ::1 at 2019-10-28 15:09:01 +0100
Processing by StaticController#index as HTML
  Rendering static/index.html.erb within layouts/application
  Rendered static/index.html.erb within layouts/application (0.4ms)
Completed 200 OK in 21ms (Views: 19.1ms | ActiveRecord: 0.0ms)


Started GET "/" for ::1 at 2019-10-28 15:09:07 +0100
Processing by StaticController#index as HTML
  Rendering static/index.html.erb within layouts/application
  Rendered static/index.html.erb within layouts/application (0.3ms)
Completed 200 OK in 33ms (Views: 22.3ms | ActiveRecord: 0.0ms)


Started GET "/" for ::1 at 2019-10-28 15:09:51 +0100
Processing by StaticController#index as HTML
  Rendering static/index.html.erb within layouts/application
  Rendered static/index.html.erb within layouts/application (3.6ms)
Completed 200 OK in 27ms (Views: 24.2ms | ActiveRecord: 0.0ms)


Started GET "/" for ::1 at 2019-10-28 15:09:52 +0100
Processing by StaticController#index as HTML
  Rendering static/index.html.erb within layouts/application
  Rendered static/index.html.erb within layouts/application (0.3ms)
Completed 200 OK in 21ms (Views: 16.8ms | ActiveRecord: 0.0ms)


Started GET "/team" for ::1 at 2019-10-28 15:09:53 +0100
Processing by StaticController#team as HTML
  Rendering static/team.html.erb within layouts/application
  Rendered static/team.html.erb within layouts/application (0.3ms)
Completed 200 OK in 27ms (Views: 21.2ms | ActiveRecord: 0.0ms)


Started GET "/contact" for ::1 at 2019-10-28 15:09:54 +0100
Processing by StaticController#contact as HTML
  Rendering static/contact.html.erb within layouts/application
  Rendered static/contact.html.erb within layouts/application (0.4ms)
Completed 200 OK in 26ms (Views: 16.9ms | ActiveRecord: 0.0ms)


Started GET "/team" for ::1 at 2019-10-28 15:09:55 +0100
Processing by StaticController#team as HTML
  Rendering static/team.html.erb within layouts/application
  Rendered static/team.html.erb within layouts/application (0.4ms)
Completed 200 OK in 30ms (Views: 23.2ms | ActiveRecord: 0.0ms)


Started GET "/" for ::1 at 2019-10-28 15:09:55 +0100
Processing by StaticController#index as HTML
  Rendering static/index.html.erb within layouts/application
  Rendered static/index.html.erb within layouts/application (1.4ms)
Completed 200 OK in 37ms (Views: 32.3ms | ActiveRecord: 0.0ms)


Started GET "/team" for ::1 at 2019-10-28 15:10:50 +0100
Processing by StaticController#team as HTML
  Rendering static/team.html.erb within layouts/application
  Rendered static/team.html.erb within layouts/application (0.5ms)
Completed 200 OK in 38ms (Views: 33.4ms | ActiveRecord: 0.0ms)


Started GET "/contact" for ::1 at 2019-10-28 15:10:50 +0100
Processing by StaticController#contact as HTML
  Rendering static/contact.html.erb within layouts/application
  Rendered static/contact.html.erb within layouts/application (0.3ms)
Completed 200 OK in 25ms (Views: 20.3ms | ActiveRecord: 0.0ms)


Started GET "/" for ::1 at 2019-10-28 15:10:51 +0100
Processing by StaticController#index as HTML
  Rendering static/index.html.erb within layouts/application
  Rendered static/index.html.erb within layouts/application (2.9ms)
Completed 200 OK in 52ms (Views: 47.9ms | ActiveRecord: 0.0ms)


Started GET "/contact" for ::1 at 2019-10-28 15:11:14 +0100
Processing by StaticController#contact as HTML
  Rendering static/contact.html.erb within layouts/application
  Rendered static/contact.html.erb within layouts/application (0.4ms)
Completed 200 OK in 32ms (Views: 26.9ms | ActiveRecord: 0.0ms)


Started GET "/contact" for ::1 at 2019-10-28 15:11:24 +0100
Processing by StaticController#contact as HTML
  Rendering static/contact.html.erb within layouts/application
  Rendered static/contact.html.erb within layouts/application (0.4ms)
Completed 200 OK in 25ms (Views: 19.3ms | ActiveRecord: 0.0ms)


Started GET "/team" for ::1 at 2019-10-28 15:11:26 +0100
Processing by StaticController#team as HTML
  Rendering static/team.html.erb within layouts/application
  Rendered static/team.html.erb within layouts/application (0.3ms)
Completed 200 OK in 33ms (Views: 20.6ms | ActiveRecord: 0.0ms)


Started GET "/" for ::1 at 2019-10-28 15:11:27 +0100
Processing by StaticController#index as HTML
  Rendering static/index.html.erb within layouts/application
  Rendered static/index.html.erb within layouts/application (1.1ms)
Completed 200 OK in 28ms (Views: 21.4ms | ActiveRecord: 0.0ms)


Started GET "/contact" for ::1 at 2019-10-28 15:11:27 +0100
Processing by StaticController#contact as HTML
  Rendering static/contact.html.erb within layouts/application
  Rendered static/contact.html.erb within layouts/application (0.4ms)
Completed 200 OK in 40ms (Views: 34.5ms | ActiveRecord: 0.0ms)


Started GET "/team" for ::1 at 2019-10-28 15:11:28 +0100
Processing by StaticController#team as HTML
  Rendering static/team.html.erb within layouts/application
  Rendered static/team.html.erb within layouts/application (0.4ms)
Completed 200 OK in 41ms (Views: 24.2ms | ActiveRecord: 0.0ms)


Started GET "/" for ::1 at 2019-10-28 15:11:28 +0100
Processing by StaticController#index as HTML
  Rendering static/index.html.erb within layouts/application
  Rendered static/index.html.erb within layouts/application (0.4ms)
Completed 200 OK in 40ms (Views: 36.8ms | ActiveRecord: 0.0ms)


Started GET "/contact" for ::1 at 2019-10-28 15:11:28 +0100
Processing by StaticController#contact as HTML
  Rendering static/contact.html.erb within layouts/application
  Rendered static/contact.html.erb within layouts/application (3.0ms)
Completed 200 OK in 59ms (Views: 54.3ms | ActiveRecord: 0.0ms)


Started GET "/" for ::1 at 2019-10-28 15:11:29 +0100
Processing by StaticController#index as HTML
  Rendering static/index.html.erb within layouts/application
  Rendered static/index.html.erb within layouts/application (0.6ms)
Completed 200 OK in 43ms (Views: 36.2ms | ActiveRecord: 0.0ms)


Started GET "/" for ::1 at 2019-10-28 15:12:33 +0100
Processing by StaticController#index as HTML
  Rendering static/index.html.erb within layouts/application
  Rendered static/index.html.erb within layouts/application (0.4ms)
Completed 200 OK in 33ms (Views: 28.9ms | ActiveRecord: 0.0ms)


Started GET "/" for ::1 at 2019-10-28 15:12:34 +0100
Processing by StaticController#index as HTML
  Rendering static/index.html.erb within layouts/application
  Rendered static/index.html.erb within layouts/application (0.5ms)
Completed 200 OK in 43ms (Views: 39.6ms | ActiveRecord: 0.0ms)


Started GET "/team" for ::1 at 2019-10-28 15:12:35 +0100
Processing by StaticController#team as HTML
  Rendering static/team.html.erb within layouts/application
  Rendered static/team.html.erb within layouts/application (1.4ms)
Completed 200 OK in 40ms (Views: 35.5ms | ActiveRecord: 0.0ms)


Started GET "/contact" for ::1 at 2019-10-28 15:12:35 +0100
Processing by StaticController#contact as HTML
  Rendering static/contact.html.erb within layouts/application
  Rendered static/contact.html.erb within layouts/application (2.4ms)
Completed 200 OK in 48ms (Views: 43.5ms | ActiveRecord: 0.0ms)


Started GET "/team" for ::1 at 2019-10-28 15:12:36 +0100
Processing by StaticController#team as HTML
  Rendering static/team.html.erb within layouts/application
  Rendered static/team.html.erb within layouts/application (0.6ms)
Completed 200 OK in 35ms (Views: 29.1ms | ActiveRecord: 0.0ms)


Started GET "/" for ::1 at 2019-10-28 15:12:36 +0100
Processing by StaticController#index as HTML
  Rendering static/index.html.erb within layouts/application
  Rendered static/index.html.erb within layouts/application (1.1ms)
Completed 200 OK in 33ms (Views: 29.3ms | ActiveRecord: 0.0ms)


Started GET "/contact" for ::1 at 2019-10-28 15:12:39 +0100
Processing by StaticController#contact as HTML
  Rendering static/contact.html.erb within layouts/application
  Rendered static/contact.html.erb within layouts/application (0.9ms)
Completed 200 OK in 34ms (Views: 30.1ms | ActiveRecord: 0.0ms)


Started GET "/team" for ::1 at 2019-10-28 15:12:46 +0100
Processing by StaticController#team as HTML
  Rendering static/team.html.erb within layouts/application
  Rendered static/team.html.erb within layouts/application (0.5ms)
Completed 200 OK in 23ms (Views: 20.7ms | ActiveRecord: 0.0ms)


Started GET "/contact" for ::1 at 2019-10-28 15:12:50 +0100
Processing by StaticController#contact as HTML
  Rendering static/contact.html.erb within layouts/application
  Rendered static/contact.html.erb within layouts/application (0.4ms)
Completed 200 OK in 35ms (Views: 28.8ms | ActiveRecord: 0.0ms)


Started GET "/" for ::1 at 2019-10-28 15:12:57 +0100
Processing by StaticController#index as HTML
  Rendering static/index.html.erb within layouts/application
  Rendered static/index.html.erb within layouts/application (0.6ms)
Completed 200 OK in 33ms (Views: 27.4ms | ActiveRecord: 0.0ms)


